<?xml version="1.0" encoding="UTF-8"?>
<!-- Generated by org.testng.reporters.JUnitReportReporter -->
<testsuite hostname="DESKTOP-KQ8S6LS" failures="0" tests="5" name="vinodkumar.FizzBuzzTest" time="0.026" errors="0" timestamp="2021-02-24T19:41:21 IST" skipped="0">
  <testcase classname="vinodkumar.FizzBuzzTest" name="Five" time="0.023"/>
  <system-out/>
  <testcase classname="vinodkumar.FizzBuzzTest" name="Numbers" time="0.001"/>
  <system-out/>
  <testcase classname="vinodkumar.FizzBuzzTest" name="Seven" time="0.000"/>
  <system-out/>
  <testcase classname="vinodkumar.FizzBuzzTest" name="Output" time="0.001"/>
  <system-out/>
  <testcase classname="vinodkumar.FizzBuzzTest" name="FiveAndSeven" time="0.001"/>
  <system-out/>
</testsuite> <!-- vinodkumar.FizzBuzzTest -->
