<?xml version="1.0" encoding="UTF-8"?>
<!-- Generated by org.testng.reporters.JUnitReportReporter -->
<testsuite hostname="DESKTOP-KQ8S6LS" failures="0" tests="1" name="vinodkumar.WorkingDayOrHoliDay" time="0.047" errors="0" timestamp="2021-02-24T19:41:21 IST" skipped="0">
  <testcase classname="vinodkumar.WorkingDayOrHoliDay" name="WorkingDay" time="0.047"/>
  <system-out/>
</testsuite> <!-- vinodkumar.WorkingDayOrHoliDay -->
