<?xml version="1.0" encoding="UTF-8"?>
<!-- Generated by org.testng.reporters.JUnitReportReporter -->
<testsuite hostname="DESKTOP-KQ8S6LS" failures="0" tests="1" name="vinodkumar.StringSort" time="0.029" errors="0" timestamp="2021-02-24T19:41:21 IST" skipped="0">
  <testcase classname="vinodkumar.StringSort" name="StringSort" time="0.029"/>
  <system-out/>
</testsuite> <!-- vinodkumar.StringSort -->
