<?xml version="1.0" encoding="UTF-8"?>
<!-- Generated by org.testng.reporters.JUnitReportReporter -->
<testsuite hostname="DESKTOP-KQ8S6LS" failures="0" tests="1" name="vinodkumar.HtmlTable" time="30.174" errors="0" timestamp="2021-02-24T19:41:21 IST" skipped="0">
  <testcase classname="vinodkumar.HtmlTable" name="htmlTableNavigation" time="30.174"/>
  <system-out/>
</testsuite> <!-- vinodkumar.HtmlTable -->
