<?xml version="1.0" encoding="UTF-8"?>
<!-- Generated by org.testng.reporters.JUnitReportReporter -->
<testsuite hostname="DESKTOP-KQ8S6LS" failures="0" tests="4" name="cucumberOptions.TestRunner1" time="89.545" errors="0" timestamp="2021-02-26T06:55:50 IST" skipped="0">
  <testcase classname="cucumberOptions.TestRunner1" name="runScenario" time="50.827"/>
  <system-out/>
  <testcase classname="cucumberOptions.TestRunner1" name="runScenario" time="0.080"/>
  <system-out/>
  <testcase classname="cucumberOptions.TestRunner1" name="runScenario" time="0.613"/>
  <system-out/>
  <testcase classname="cucumberOptions.TestRunner1" name="runScenario" time="38.025"/>
  <system-out/>
</testsuite> <!-- cucumberOptions.TestRunner1 -->
